17:36:26: Creating resource group General
17:36:26: Creating resource group Internal
17:36:26: Creating resource group Autodetect
17:36:26: SceneManagerFactory for type 'DefaultSceneManager' registered.
17:36:26: Registering ResourceManager for type Material
17:36:26: Registering ResourceManager for type Mesh
17:36:26: Registering ResourceManager for type Skeleton
17:36:26: MovableObjectFactory for type 'ParticleSystem' registered.
17:36:26: OverlayElementFactory for type Panel registered.
17:36:26: OverlayElementFactory for type BorderPanel registered.
17:36:26: OverlayElementFactory for type TextArea registered.
17:36:26: Registering ResourceManager for type Font
17:36:26: ArchiveFactory for archive type FileSystem registered.
17:36:26: ArchiveFactory for archive type Zip registered.
17:36:26: ArchiveFactory for archive type EmbeddedZip registered.
17:36:26: DDS codec registering
17:36:26: FreeImage version: 3.15.4
17:36:26: This program uses FreeImage, a free, open source image library supporting all common bitmap formats. See http://freeimage.sourceforge.net for details
17:36:26: Supported formats: bmp,ico,jpg,jif,jpeg,jpe,jng,koa,iff,lbm,mng,pbm,pbm,pcd,pcx,pgm,pgm,png,ppm,ppm,ras,tga,targa,tif,tiff,wap,wbmp,wbm,psd,cut,xbm,xpm,gif,hdr,g3,sgi,exr,j2k,j2c,jp2,pfm,pct,pict,pic,3fr,arw,bay,bmq,cap,cine,cr2,crw,cs1,dc2,dcr,drf,dsc,dng,erf,fff,ia,iiq,k25,kc2,kdc,mdc,mef,mos,mrw,nef,nrw,orf,pef,ptx,pxn,qtk,raf,raw,rdc,rw2,rwl,rwz,sr2,srf,srw,sti
17:36:26: Registering ResourceManager for type HighLevelGpuProgram
17:36:26: Registering ResourceManager for type Compositor
17:36:26: MovableObjectFactory for type 'Entity' registered.
17:36:26: MovableObjectFactory for type 'Light' registered.
17:36:26: MovableObjectFactory for type 'BillboardSet' registered.
17:36:26: MovableObjectFactory for type 'ManualObject' registered.
17:36:26: MovableObjectFactory for type 'BillboardChain' registered.
17:36:26: MovableObjectFactory for type 'RibbonTrail' registered.
17:36:26: OGRE EXCEPTION(6:FileNotFoundException): 'plugins.cfg' file not found! in ConfigFile::load at /build/buildd/ogre-1.8-1.8.1+dfsg/OgreMain/src/OgreConfigFile.cpp (line 88)
17:36:26: plugins.cfg not found, automatic plugin loading disabled.
17:36:26: *-*-* OGRE Initialising
17:36:26: *-*-* Version 1.8.1 (Byatis)
17:36:26: Loading library /usr/lib/x86_64-linux-gnu/OGRE-1.8.0/RenderSystem_GL.so
17:36:26: Installing plugin: GL RenderSystem
17:36:26: OpenGL Rendering Subsystem created.
17:36:26: Plugin successfully installed
17:36:26: Loading library /usr/lib/x86_64-linux-gnu/OGRE-1.8.0/Plugin_ParticleFX.so
17:36:26: Installing plugin: ParticleFX
17:36:26: Particle Emitter Type 'Point' registered
17:36:26: Particle Emitter Type 'Box' registered
17:36:26: Particle Emitter Type 'Ellipsoid' registered
17:36:26: Particle Emitter Type 'Cylinder' registered
17:36:26: Particle Emitter Type 'Ring' registered
17:36:26: Particle Emitter Type 'HollowEllipsoid' registered
17:36:26: Particle Affector Type 'LinearForce' registered
17:36:26: Particle Affector Type 'ColourFader' registered
17:36:26: Particle Affector Type 'ColourFader2' registered
17:36:26: Particle Affector Type 'ColourImage' registered
17:36:26: Particle Affector Type 'ColourInterpolator' registered
17:36:26: Particle Affector Type 'Scaler' registered
17:36:26: Particle Affector Type 'Rotator' registered
17:36:26: Particle Affector Type 'DirectionRandomiser' registered
17:36:26: Particle Affector Type 'DeflectorPlane' registered
17:36:26: Plugin successfully installed
17:36:26: Loading library /usr/lib/x86_64-linux-gnu/OGRE-1.8.0/Plugin_BSPSceneManager.so
17:36:26: Installing plugin: BSP Scene Manager
17:36:26: Plugin successfully installed
17:36:26: Loading library /usr/lib/x86_64-linux-gnu/OGRE-1.8.0/Plugin_OctreeSceneManager.so
17:36:26: Installing plugin: Octree Scene Manager
17:36:26: Plugin successfully installed
17:36:26: CPU Identifier & Features
17:36:26: -------------------------
17:36:26:  *   CPU ID: GenuineIntel: Intel(R) Core(TM) i5-4570 CPU @ 3.20GHz
17:36:26:  *      SSE: yes
17:36:26:  *     SSE2: yes
17:36:26:  *     SSE3: yes
17:36:26:  *      MMX: yes
17:36:26:  *   MMXEXT: yes
17:36:26:  *    3DNOW: no
17:36:26:  * 3DNOWEXT: no
17:36:26:  *     CMOV: yes
17:36:26:  *      TSC: yes
17:36:26:  *      FPU: yes
17:36:26:  *      PRO: yes
17:36:26:  *       HT: no
17:36:26: -------------------------
17:36:26: ******************************
*** Starting GLX Subsystem ***
******************************
17:36:26: Registering ResourceManager for type Texture
17:36:26: Added resource location '/usr/share/gazebo-2.2/' of type 'FileSystem' to resource group 'General'
17:36:26: Added resource location '/usr/share/gazebo-2.2/media' of type 'FileSystem' to resource group 'General'
17:36:26: Creating resource group SkyX
17:36:26: Added resource location '/usr/share/gazebo-2.2/media/skyx' of type 'FileSystem' to resource group 'SkyX'
17:36:26: Added resource location '/usr/share/gazebo-2.2/media/rtshaderlib' of type 'FileSystem' to resource group 'General'
17:36:26: Added resource location '/usr/share/gazebo-2.2/media/materials/programs' of type 'FileSystem' to resource group 'General'
17:36:26: Added resource location '/usr/share/gazebo-2.2/media/materials/scripts' of type 'FileSystem' to resource group 'General'
17:36:26: Added resource location '/usr/share/gazebo-2.2/media/materials/textures' of type 'FileSystem' to resource group 'General'
17:36:26: Added resource location '/usr/share/gazebo-2.2/media/media/models' of type 'FileSystem' to resource group 'General'
17:36:26: Creating resource group Fonts
17:36:26: Added resource location '/usr/share/gazebo-2.2/media/fonts' of type 'FileSystem' to resource group 'Fonts'
17:36:26: Creating resource group LookNFeel
17:36:26: Added resource location '/usr/share/gazebo-2.2/media/gui/looknfeel' of type 'FileSystem' to resource group 'LookNFeel'
17:36:26: Creating resource group Schemes
17:36:26: Added resource location '/usr/share/gazebo-2.2/media/gui/schemes' of type 'FileSystem' to resource group 'Schemes'
17:36:26: Creating resource group Imagesets
17:36:26: Added resource location '/usr/share/gazebo-2.2/media/gui/imagesets' of type 'FileSystem' to resource group 'Imagesets'
17:36:26: Added resource location '/usr/share/gazebo-2.2/media/gui/fonts' of type 'FileSystem' to resource group 'Fonts'
17:36:26: Creating resource group Layouts
17:36:26: Added resource location '/usr/share/gazebo-2.2/media/gui/layouts' of type 'FileSystem' to resource group 'Layouts'
17:36:26: Creating resource group Animations
17:36:26: Added resource location '/usr/share/gazebo-2.2/media/gui/animations' of type 'FileSystem' to resource group 'Animations'
17:36:26: Added resource location '/usr/share/gazebo-2.2/Media' of type 'FileSystem' to resource group 'General'
17:36:26: Added resource location '/usr/share/gazebo-2.2/Media/skyx' of type 'FileSystem' to resource group 'SkyX'
17:36:26: Added resource location '/usr/share/gazebo-2.2/Media/rtshaderlib' of type 'FileSystem' to resource group 'General'
17:36:26: Added resource location '/usr/share/gazebo-2.2/Media/materials/programs' of type 'FileSystem' to resource group 'General'
17:36:26: Added resource location '/usr/share/gazebo-2.2/Media/materials/scripts' of type 'FileSystem' to resource group 'General'
17:36:26: Added resource location '/usr/share/gazebo-2.2/Media/materials/textures' of type 'FileSystem' to resource group 'General'
17:36:26: Added resource location '/usr/share/gazebo-2.2/Media/media/models' of type 'FileSystem' to resource group 'General'
17:36:26: Added resource location '/usr/share/gazebo-2.2/Media/fonts' of type 'FileSystem' to resource group 'Fonts'
17:36:26: Added resource location '/usr/share/gazebo-2.2/Media/gui/looknfeel' of type 'FileSystem' to resource group 'LookNFeel'
17:36:26: Added resource location '/usr/share/gazebo-2.2/Media/gui/schemes' of type 'FileSystem' to resource group 'Schemes'
17:36:26: Added resource location '/usr/share/gazebo-2.2/Media/gui/imagesets' of type 'FileSystem' to resource group 'Imagesets'
17:36:26: Added resource location '/usr/share/gazebo-2.2/Media/gui/fonts' of type 'FileSystem' to resource group 'Fonts'
17:36:26: Added resource location '/usr/share/gazebo-2.2/Media/gui/layouts' of type 'FileSystem' to resource group 'Layouts'
17:36:26: Added resource location '/usr/share/gazebo-2.2/Media/gui/animations' of type 'FileSystem' to resource group 'Animations'
17:36:26: GLRenderSystem::_createRenderWindow "OgreWindow(0)", 1x1 windowed  miscParams: FSAA=4 externalGLControl= macAPI=carbon parentWindowHandle=81788929 
17:36:26: GLXWindow::create used FBConfigID = 124
17:36:26: GL_VERSION = 2.1 Mesa 10.1.3
17:36:26: GL_VENDOR = VMware, Inc.
17:36:26: GL_RENDERER = Gallium 0.4 on llvmpipe (LLVM 3.4, 256 bits)
17:36:26: GL_EXTENSIONS = GL_ARB_multisample GL_EXT_abgr GL_EXT_bgra GL_EXT_blend_color GL_EXT_blend_minmax GL_EXT_blend_subtract GL_EXT_copy_texture GL_EXT_polygon_offset GL_EXT_subtexture GL_EXT_texture_object GL_EXT_vertex_array GL_EXT_compiled_vertex_array GL_EXT_texture GL_EXT_texture3D GL_IBM_rasterpos_clip GL_ARB_point_parameters GL_EXT_draw_range_elements GL_EXT_packed_pixels GL_EXT_point_parameters GL_EXT_rescale_normal GL_EXT_separate_specular_color GL_EXT_texture_edge_clamp GL_SGIS_generate_mipmap GL_SGIS_texture_border_clamp GL_SGIS_texture_edge_clamp GL_SGIS_texture_lod GL_ARB_framebuffer_sRGB GL_ARB_multitexture GL_EXT_framebuffer_sRGB GL_IBM_multimode_draw_arrays GL_IBM_texture_mirrored_repeat GL_ARB_texture_cube_map GL_ARB_texture_env_add GL_ARB_transpose_matrix GL_EXT_blend_func_separate GL_EXT_fog_coord GL_EXT_multi_draw_arrays GL_EXT_secondary_color GL_EXT_texture_env_add GL_EXT_texture_lod_bias GL_INGR_blend_func_separate GL_NV_blend_square GL_NV_light_max_exponent GL_NV_texgen_reflection GL_NV_texture_env_combine4 GL_S3_s3tc GL_SUN_multi_draw_arrays GL_ARB_texture_border_clamp GL_ARB_texture_compression GL_EXT_framebuffer_object GL_EXT_texture_compression_s3tc GL_EXT_texture_env_combine GL_EXT_texture_env_dot3 GL_MESA_window_pos GL_NV_packed_depth_stencil GL_NV_texture_rectangle GL_ARB_depth_texture GL_ARB_occlusion_query GL_ARB_shadow GL_ARB_texture_env_combine GL_ARB_texture_env_crossbar GL_ARB_texture_env_dot3 GL_ARB_texture_mirrored_repeat GL_ARB_window_pos GL_EXT_stencil_two_side GL_EXT_texture_cube_map GL_NV_depth_clamp GL_NV_fog_distance GL_APPLE_packed_pixels GL_APPLE_vertex_array_object GL_ARB_draw_buffers GL_ARB_fragment_program GL_ARB_fragment_shader GL_ARB_shader_objects GL_ARB_vertex_program GL_ARB_vertex_shader GL_ATI_draw_buffers GL_ATI_texture_env_combine3 GL_ATI_texture_float GL_EXT_shadow_funcs GL_EXT_stencil_wrap GL_MESA_pack_invert GL_MESA_ycbcr_texture GL_NV_primitive_restart GL_ARB_depth_clamp GL_ARB_fragment_program_shadow GL_ARB_half_float_pixel GL_ARB_occlusion_query2 GL_ARB_point_sprite GL_ARB_shading_language_100 GL_ARB_sync GL_ARB_texture_non_power_of_two GL_ARB_vertex_buffer_object GL_ATI_blend_equation_separate GL_EXT_blend_equation_separate GL_OES_read_format GL_ARB_color_buffer_float GL_ARB_pixel_buffer_object GL_ARB_texture_compression_rgtc GL_ARB_texture_float GL_ARB_texture_rectangle GL_ATI_texture_compression_3dc GL_EXT_packed_float GL_EXT_pixel_buffer_object GL_EXT_texture_compression_dxt1 GL_EXT_texture_compression_rgtc GL_EXT_texture_mirror_clamp GL_EXT_texture_rectangle GL_EXT_texture_sRGB GL_EXT_texture_shared_exponent GL_ARB_framebuffer_object GL_EXT_framebuffer_blit GL_EXT_packed_depth_stencil GL_ARB_vertex_array_object GL_ATI_separate_stencil GL_ATI_texture_mirror_once GL_EXT_draw_buffers2 GL_EXT_draw_instanced GL_EXT_gpu_program_parameters GL_EXT_texture_array GL_EXT_texture_compression_latc GL_EXT_texture_integer GL_EXT_texture_sRGB_decode GL_EXT_timer_query GL_OES_EGL_image GL_ARB_copy_buffer GL_ARB_depth_buffer_float GL_ARB_draw_instanced GL_ARB_half_float_vertex GL_ARB_instanced_arrays GL_ARB_map_buffer_range GL_ARB_texture_rg GL_ARB_texture_swizzle GL_ARB_vertex_array_bgra GL_EXT_texture_swizzle GL_EXT_vertex_array_bgra GL_NV_conditional_render GL_AMD_conservative_depth GL_AMD_draw_buffers_blend GL_AMD_seamless_cubemap_per_texture GL_ARB_ES2_compatibility GL_ARB_blend_func_extended GL_ARB_debug_output GL_ARB_draw_buffers_blend GL_ARB_draw_elements_base_vertex GL_ARB_explicit_attrib_location GL_ARB_fragment_coord_conventions GL_ARB_provoking_vertex GL_ARB_sampler_objects GL_ARB_seamless_cube_map GL_ARB_shader_texture_lod GL_ARB_texture_rgb10_a2ui GL_ARB_uniform_buffer_object GL_ARB_vertex_type_2_10_10_10_rev GL_EXT_provoking_vertex GL_EXT_texture_snorm GL_MESA_texture_signed_rgba GL_ARB_get_program_binary GL_ARB_robustness GL_ARB_shader_bit_encoding GL_ARB_timer_query GL_ARB_transform_feedback2 GL_ARB_transform_feedback3 GL_NV_vdpau_interop GL_ANGLE_texture_compression_dxt3 GL_ANGLE_texture_compression_dxt5 GL_ARB_conservative_depth GL_ARB_internalformat_query GL_ARB_map_buffer_alignment GL_ARB_shading_language_420pack GL_ARB_shading_language_packing GL_ARB_texture_storage GL_ARB_transform_feedback_instanced GL_EXT_transform_feedback GL_AMD_shader_trinary_minmax GL_ARB_clear_buffer_object GL_ARB_invalidate_subdata GL_ARB_vertex_attrib_binding GL_KHR_debug GL_ARB_texture_mirror_clamp_to_edge GL_ARB_vertex_type_10f_11f_11f_rev 
17:36:26: Supported GLX extensions: GLX_ARB_create_context GLX_ARB_create_context_profile GLX_ARB_fbconfig_float GLX_ARB_framebuffer_sRGB GLX_ARB_get_proc_address GLX_ARB_multisample GLX_EXT_import_context GLX_EXT_visual_info GLX_EXT_visual_rating GLX_EXT_fbconfig_packed_float GLX_EXT_framebuffer_sRGB GLX_EXT_create_context_es2_profile GLX_MESA_copy_sub_buffer GLX_MESA_multithread_makecurrent GLX_OML_swap_method GLX_SGI_make_current_read GLX_SGIS_multisample GLX_SGIX_fbconfig GLX_SGIX_pbuffer GLX_SGIX_visual_select_group GLX_EXT_texture_from_pixmap 
17:36:26: ***************************
17:36:26: *** GL Renderer Started ***
17:36:26: ***************************
17:36:26: Registering ResourceManager for type GpuProgram
17:36:26: GLSL support detected
17:36:26: GL: Using GL_EXT_framebuffer_object for rendering to textures (best)
17:36:26: FBO PF_UNKNOWN depth/stencil support: D0S1 D0S4 D0S8 D0S16 D16S0 D24S0 D32S0 Packed-D24S8 
17:36:26: FBO PF_L8 depth/stencil support: D0S0 D0S1 D0S4 D0S8 D0S16 D16S0 D24S0 D32S0 Packed-D24S8 
17:36:26: FBO PF_L16 depth/stencil support: D0S0 D0S1 D0S4 D0S8 D0S16 D16S0 D24S0 D32S0 Packed-D24S8 
17:36:26: FBO PF_A8 depth/stencil support: D0S0 D0S1 D0S4 D0S8 D0S16 D16S0 D24S0 D32S0 Packed-D24S8 
17:36:26: FBO PF_A4L4 depth/stencil support: D0S0 D0S1 D0S4 D0S8 D0S16 D16S0 D24S0 D32S0 Packed-D24S8 
17:36:26: FBO PF_BYTE_LA depth/stencil support: D0S0 D0S1 D0S4 D0S8 D0S16 D16S0 D24S0 D32S0 Packed-D24S8 
17:36:26: FBO PF_R5G6B5 depth/stencil support: D0S0 D0S1 D0S4 D0S8 D0S16 D16S0 D24S0 D32S0 Packed-D24S8 
17:36:26: FBO PF_B5G6R5 depth/stencil support: D0S0 D0S1 D0S4 D0S8 D0S16 D16S0 D24S0 D32S0 Packed-D24S8 
17:36:26: FBO PF_A4R4G4B4 depth/stencil support: D0S0 D0S1 D0S4 D0S8 D0S16 D16S0 D24S0 D32S0 Packed-D24S8 
17:36:26: FBO PF_A1R5G5B5 depth/stencil support: D0S0 D0S1 D0S4 D0S8 D0S16 D16S0 D24S0 D32S0 Packed-D24S8 
17:36:26: FBO PF_R8G8B8 depth/stencil support: D0S0 D0S1 D0S4 D0S8 D0S16 D16S0 D24S0 D32S0 Packed-D24S8 
17:36:26: FBO PF_B8G8R8 depth/stencil support: D0S0 D0S1 D0S4 D0S8 D0S16 D16S0 D24S0 D32S0 Packed-D24S8 
17:36:26: FBO PF_A8R8G8B8 depth/stencil support: D0S0 D0S1 D0S4 D0S8 D0S16 D16S0 D24S0 D32S0 Packed-D24S8 
17:36:26: FBO PF_B8G8R8A8 depth/stencil support: D0S0 D0S1 D0S4 D0S8 D0S16 D16S0 D24S0 D32S0 Packed-D24S8 
17:36:26: FBO PF_A2R10G10B10 depth/stencil support: D0S0 D0S1 D0S4 D0S8 D0S16 D16S0 D24S0 D32S0 Packed-D24S8 
17:36:26: FBO PF_A2B10G10R10 depth/stencil support: D0S0 D0S1 D0S4 D0S8 D0S16 D16S0 D24S0 D32S0 Packed-D24S8 
17:36:26: FBO PF_FLOAT16_RGB depth/stencil support: D0S0 D0S1 D0S4 D0S8 D0S16 D16S0 D24S0 D32S0 Packed-D24S8 
17:36:26: FBO PF_FLOAT16_RGBA depth/stencil support: D0S0 D0S1 D0S4 D0S8 D0S16 D16S0 D24S0 D32S0 Packed-D24S8 
17:36:26: FBO PF_FLOAT32_RGB depth/stencil support: D0S0 D0S1 D0S4 D0S8 D0S16 D16S0 D24S0 D32S0 Packed-D24S8 
17:36:26: FBO PF_FLOAT32_RGBA depth/stencil support: D0S0 D0S1 D0S4 D0S8 D0S16 D16S0 D24S0 D32S0 Packed-D24S8 
17:36:26: FBO PF_X8R8G8B8 depth/stencil support: D0S0 D0S1 D0S4 D0S8 D0S16 D16S0 D24S0 D32S0 Packed-D24S8 
17:36:26: FBO PF_X8B8G8R8 depth/stencil support: D0S0 D0S1 D0S4 D0S8 D0S16 D16S0 D24S0 D32S0 Packed-D24S8 
17:36:26: FBO PF_SHORT_RGBA depth/stencil support: D0S0 D0S1 D0S4 D0S8 D0S16 D16S0 D24S0 D32S0 Packed-D24S8 
17:36:26: FBO PF_R3G3B2 depth/stencil support: D0S0 D0S1 D0S4 D0S8 D0S16 D16S0 D24S0 D32S0 Packed-D24S8 
17:36:26: FBO PF_FLOAT16_R depth/stencil support: D0S0 D0S1 D0S4 D0S8 D0S16 D16S0 D24S0 D32S0 Packed-D24S8 
17:36:26: FBO PF_FLOAT32_R depth/stencil support: D0S0 D0S1 D0S4 D0S8 D0S16 D16S0 D24S0 D32S0 Packed-D24S8 
17:36:26: FBO PF_SHORT_GR depth/stencil support: D0S0 D0S1 D0S4 D0S8 D0S16 D16S0 D24S0 D32S0 Packed-D24S8 
17:36:26: FBO PF_FLOAT16_GR depth/stencil support: D0S0 D0S1 D0S4 D0S8 D0S16 D16S0 D24S0 D32S0 Packed-D24S8 
17:36:26: FBO PF_FLOAT32_GR depth/stencil support: D0S0 D0S1 D0S4 D0S8 D0S16 D16S0 D24S0 D32S0 Packed-D24S8 
17:36:26: FBO PF_SHORT_RGB depth/stencil support: D0S0 D0S1 D0S4 D0S8 D0S16 D16S0 D24S0 D32S0 Packed-D24S8 
17:36:26: [GL] : Valid FBO targets PF_UNKNOWN PF_L8 PF_L16 PF_A8 PF_A4L4 PF_BYTE_LA PF_R5G6B5 PF_B5G6R5 PF_A4R4G4B4 PF_A1R5G5B5 PF_R8G8B8 PF_B8G8R8 PF_A8R8G8B8 PF_B8G8R8A8 PF_A2R10G10B10 PF_A2B10G10R10 PF_FLOAT16_RGB PF_FLOAT16_RGBA PF_FLOAT32_RGB PF_FLOAT32_RGBA PF_X8R8G8B8 PF_X8B8G8R8 PF_SHORT_RGBA PF_R3G3B2 PF_FLOAT16_R PF_FLOAT32_R PF_SHORT_GR PF_FLOAT16_GR PF_FLOAT32_GR PF_SHORT_RGB 
17:36:26: RenderSystem capabilities
17:36:26: -------------------------
17:36:26: RenderSystem Name: OpenGL Rendering Subsystem
17:36:26: GPU Vendor: unknown
17:36:26: Device Name: Gallium 0.4 on llvmpipe (LLVM 3.4, 256 bits)
17:36:26: Driver Version: 2.1.0.0
17:36:26:  * Fixed function pipeline: yes
17:36:26:  * Hardware generation of mipmaps: yes
17:36:26:  * Texture blending: yes
17:36:26:  * Anisotropic texture filtering: no
17:36:26:  * Dot product texture operation: yes
17:36:26:  * Cube mapping: yes
17:36:26:  * Hardware stencil buffer: yes
17:36:26:    - Stencil depth: 8
17:36:26:    - Two sided stencil support: yes
17:36:26:    - Wrap stencil values: yes
17:36:26:  * Hardware vertex / index buffers: yes
17:36:26:  * Vertex programs: yes
17:36:26:  * Number of floating-point constants for vertex programs: 4096
17:36:26:  * Number of integer constants for vertex programs: 0
17:36:26:  * Number of boolean constants for vertex programs: 0
17:36:26:  * Fragment programs: yes
17:36:26:  * Number of floating-point constants for fragment programs: 4096
17:36:26:  * Number of integer constants for fragment programs: 0
17:36:26:  * Number of boolean constants for fragment programs: 0
17:36:26:  * Geometry programs: no
17:36:26:  * Number of floating-point constants for geometry programs: 0
17:36:26:  * Number of integer constants for geometry programs: 0
17:36:26:  * Number of boolean constants for geometry programs: 0
17:36:26:  * Supported Shader Profiles: arbfp1 arbvp1 glsl
17:36:26:  * Texture Compression: yes
17:36:26:    - DXT: yes
17:36:26:    - VTC: no
17:36:26:    - PVRTC: no
17:36:26:  * Scissor Rectangle: yes
17:36:26:  * Hardware Occlusion Query: yes
17:36:26:  * User clip planes: yes
17:36:26:  * VET_UBYTE4 vertex element type: yes
17:36:26:  * Infinite far plane projection: yes
17:36:26:  * Hardware render-to-texture: yes
17:36:26:  * Floating point textures: yes
17:36:26:  * Non-power-of-two textures: yes
17:36:26:  * Volume textures: yes
17:36:26:  * Multiple Render Targets: 8
17:36:26:    - With different bit depths: yes
17:36:26:  * Point Sprites: yes
17:36:26:  * Extended point parameters: yes
17:36:26:  * Max Point Size: 255
17:36:26:  * Vertex texture fetch: yes
17:36:26:  * Number of world matrices: 0
17:36:26:  * Number of texture units: 16
17:36:26:  * Stencil buffer depth: 8
17:36:26:  * Number of vertex blend matrices: 0
17:36:26:    - Max vertex textures: 16
17:36:26:    - Vertex textures shared: yes
17:36:26:  * Render to Vertex Buffer : no
17:36:26:  * GL 1.5 without VBO workaround: no
17:36:26:  * Frame Buffer objects: yes
17:36:26:  * Frame Buffer objects (ARB extension): no
17:36:26:  * Frame Buffer objects (ATI extension): no
17:36:26:  * PBuffer support: yes
17:36:26:  * GL 1.5 without HW-occlusion workaround: no
17:36:26:  * Separate shader objects: no
17:36:26: DefaultWorkQueue('Root') initialising on thread 7fe60b4b1880.
17:36:26: Particle Renderer Type 'billboard' registered
17:36:26: SceneManagerFactory for type 'BspSceneManager' registered.
17:36:26: Registering ResourceManager for type BspLevel
17:36:26: SceneManagerFactory for type 'OctreeSceneManager' registered.
17:36:26: Parsing scripts for resource group Animations
17:36:26: Finished parsing scripts for resource group Animations
17:36:26: Creating resources for group Animations
17:36:26: All done
17:36:26: Parsing scripts for resource group Autodetect
17:36:26: Finished parsing scripts for resource group Autodetect
17:36:26: Creating resources for group Autodetect
17:36:26: All done
17:36:26: Parsing scripts for resource group Fonts
17:36:26: Parsing script Gazebo.fontdef
17:36:26: Parsing script sample.fontdef
17:36:26: Bad attribute line: glyph	 	0.152344	0.125	0.160156	0.1875 in font Ogre
17:36:26: Finished parsing scripts for resource group Fonts
17:36:26: Creating resources for group Fonts
17:36:26: All done
17:36:26: Parsing scripts for resource group General
17:36:26: Parsing script ShadowCaster.program
17:36:26: Parsing script VPL.program
17:36:26: Parsing script deferred_post.program
17:36:26: Parsing script perpixel.program
17:36:26: Parsing script shadow_caster.program
17:36:26: Parsing script ShadowCaster.material
17:36:26: Parsing script VPL.material
17:36:26: Parsing script blur.material
17:36:26: Parsing script deferred_post.material
17:36:26: Parsing script deferred_post_minilight.material
17:36:26: Parsing script gazebo.material
17:36:26: Parsing script grid.material
17:36:26: Parsing script kitchen.material
17:36:26: Parsing script picker.material
17:36:26: Parsing script ssao.material
17:36:26: Parsing script blur.compositor
17:36:26: Parsing script deferred.compositor
17:36:26: Parsing script noise.compositor
17:36:26: Parsing script ssao.compositor
17:36:26: Finished parsing scripts for resource group General
17:36:26: Creating resources for group General
17:36:26: All done
17:36:26: Parsing scripts for resource group Imagesets
17:36:26: Finished parsing scripts for resource group Imagesets
17:36:26: Creating resources for group Imagesets
17:36:26: All done
17:36:26: Parsing scripts for resource group Internal
17:36:26: Finished parsing scripts for resource group Internal
17:36:26: Creating resources for group Internal
17:36:26: All done
17:36:26: Parsing scripts for resource group Layouts
17:36:26: Finished parsing scripts for resource group Layouts
17:36:26: Creating resources for group Layouts
17:36:26: All done
17:36:26: Parsing scripts for resource group LookNFeel
17:36:26: Finished parsing scripts for resource group LookNFeel
17:36:26: Creating resources for group LookNFeel
17:36:26: All done
17:36:26: Parsing scripts for resource group Schemes
17:36:26: Finished parsing scripts for resource group Schemes
17:36:26: Creating resources for group Schemes
17:36:26: All done
17:36:26: Parsing scripts for resource group SkyX
17:36:26: Parsing script SkyX.material
17:36:26: Finished parsing scripts for resource group SkyX
17:36:26: Creating resources for group SkyX
17:36:26: All done
17:36:26: Added resource location '/usr/share/gazebo-2.2/media/rtshaderlib/' of type 'FileSystem' to resource group 'General'
17:36:26: Creating resource group ShaderGeneratorResourceGroup
17:36:26: Added resource location '/tmp/gazebo-nobody-rtshaderlibcache/' of type 'FileSystem' to resource group 'ShaderGeneratorResourceGroup'
17:36:26: DefaultWorkQueue('Root')::WorkerFunc - thread 7fe5d149f700 starting.
17:36:26: DefaultWorkQueue('Root')::WorkerFunc - thread 7fe5d0c9e700 starting.
17:36:26: DefaultWorkQueue('Root')::WorkerFunc - thread 7fe5d049d700 starting.
17:36:26: DefaultWorkQueue('Root')::WorkerFunc - thread 7fe5cfc9c700 starting.
17:36:28: Can't assign material _NULL_ to SubEntity of SkyXMeshEnt because this Material does not exist. Have you forgotten to define it in a .material script?
17:36:28: Texture: SkyX_Starfield.png: Loading 1 faces(PF_A8R8G8B8,512x512x1) with 5 hardware generated mipmaps from Image. Internal format is PF_A8R8G8B8,512x512x1.
17:36:28: Texture: SkyX_Moon.png: Loading 1 faces(PF_A8R8G8B8,512x512x1) with 5 hardware generated mipmaps from Image. Internal format is PF_A8R8G8B8,512x512x1.
17:36:28: Texture: SkyX_MoonHalo.png: Loading 1 faces(PF_A8R8G8B8,512x256x1) with 5 hardware generated mipmaps from Image. Internal format is PF_A8R8G8B8,512x256x1.
17:36:28: Texture: Noise.jpg: Loading 1 faces(PF_R8G8B8,1024x1024x1) with 5 hardware generated mipmaps from Image. Internal format is PF_X8R8G8B8,1024x1024x1.
17:36:28: Added resource location '/home/aluno/catkin_ws/src/fcr2017/meshes/ptz_canon_camera' of type 'FileSystem' to resource group 'General' with recursive option
17:36:28: Initialising resource group General
17:36:28: Added resource location '/home/aluno/catkin_ws/src/fcr2017/meshes/p3at_meshes' of type 'FileSystem' to resource group 'General' with recursive option
17:36:28: Initialising resource group General
17:36:28: Added resource location '/home/aluno/catkin_ws/src/fcr2017/meshes' of type 'FileSystem' to resource group 'General' with recursive option
17:36:28: Initialising resource group General
17:36:28: Texture: spot_shadow_fade.png: Loading 1 faces(PF_R8G8B8,128x128x1) with 5 hardware generated mipmaps from Image. Internal format is PF_X8R8G8B8,128x128x1.
17:36:28: GLSL compiled: 
17:36:28: GLSL compiled: 
17:36:28: Vertex Program:Gazebo/GaussianCameraNoiseVS Fragment Program:Gazebo/GaussianCameraNoiseFS GLSL link result : 
17:36:28: Added resource location '/home/aluno/.gazebo/models/cic' of type 'FileSystem' to resource group 'General' with recursive option
17:36:28: Initialising resource group General
17:36:28: Texture: /home/aluno/.gazebo/models/c17:36:29: Added resource location '/home/aluno/.gazebo/models/cic' of type 'FileSystem' to resource group 'General' with recursive option
1717:36:29: Texture: /home/aluno/.gazebo/model17:36:29: Texture: /home/aluno/.gazebo/models/cic/parede.jpg: Loading 1 faces(PF_R8G8B8,512x512x1) with 5 hardware generated mipmaps from Image. I17:36:29: GLSL compiled: 
17:36:29: GLSL 17:36:29: Texture: /home/aluno/.gazebo/models/cic/vidro.jpg: Loading 1 faces(PF_R8G8B8,3000x3000x1) with 5 hardware generated mipmaps from Image. Internal format is PF_X8R8G8B8,3000x3000x1.
17:36:29: [SkyX] VClouds warning: unregistered camera registered, manual unregistering is needed before camera destruction
17:36:29: Texture: spot_shadow_fade.png: Loading 1 faces(PF_R8G8B8,128x128x1) with 517:36:31: GLSL compiled: 
17:36:31: GLSL compiled: 
17:36:31: Vertex Program:3115728493_VS Fragment Program:3721283182_FS GLSL link result : 
17:36:33: GLSL compiled: 
17:36:33: GLSL compiled: 
17:36:33: Vertex Program:2970448133_VS Fragment Program:3688172344_FS GLSL link result : 
17:36:33: GLSL compiled: 
17:36:33: GLSL compiled: 
17:36:33: Vertex Program:3550360237_VS Fragment Program:2484446037_FS GLSL link result : 
led: 
17:36:30: Vertex Program:3115728493_VS Fragment Program:3721283182_FS GLSL link result : 
17:36:30: GLSL compiled: 
17:36:30: GLSL compiled: 
17:36:30: Vertex Program:32396880_VS Fragment Program:1278993783_FS GLSL link result : 
17:36:31: GLSL compiled: 
17:36:31: GLSL compiled: 
17:36:31: Vertex Program:2970448133_VS Fragment Program:3688172344_FS GLSL link result : 
17:36:32: GLSL compiled: 
17:36:32: GLSL compiled: 
17:36:32: Vertex Program:3550360237_VS Fragment Program:2484446037_FS GLSL link result : 
17:37:11: GLSL compiled: 
17:37:11: GLSL compiled: 
17:37:11: Vertex Program:plaincolor_vs Fragment Program:plaincolor_fs GLSL link result : 
17:37:15: GLSL compiled: 
17:37:15: GLSL compiled: 
17:37:15: Vertex Program:482156675_VS Fragment Program:1823804047_FS GLSL link result : 
17:37:16: GLSL compiled: 
17:37:16: GLSL compiled: 
17:37:16: Vertex Program:3830545728_VS Fragment Program:3944019052_FS GLSL link result : 
17:40:34: DefaultWorkQueue('Root') shutting down on thread 7fe60b4b1880.
17:40:34: DefaultWorkQueue('Root')::WorkerFunc - thread 7fe5d149f700 stopped.
17:40:34: DefaultWorkQueue('Root')::WorkerFunc - thread 7fe5d0c9e700 stopped.
17:40:34: DefaultWorkQueue('Root')::WorkerFunc - thread 7fe5d049d700 stopped.
17:40:34: DefaultWorkQueue('Root')::WorkerFunc - thread 7fe5cfc9c700 stopped.
17:40:34: Unregistering ResourceManager for type BspLevel
17:40:34: *-*-* OGRE Shutdown
17:40:34: *-*-* OGRE Shutdown
17:40:34: Unregistering ResourceManager for type Compositor
17:40:34: Unregistering ResourceManager for type Font
17:40:34: Unregistering ResourceManager for type Skeleton
17:40:34: Unregistering ResourceManager for type Mesh
17:40:34: Unregistering ResourceManager for type HighLevelGpuProgram
17:40:34: Uninstalling plugin: Octree Scene Manager
17:40:34: Plugin successfully uninstalled
17:40:34: Unloading library /usr/lib/x86_64-linux-gnu/OGRE-1.8.0/Plugin_OctreeSceneManager.so
17:40:34: Uninstalling plugin: BSP Scene Manager
17:40:34: Plugin successfully uninstalled
17:40:34: Unloading library /usr/lib/x86_64-linux-gnu/OGRE-1.8.0/Plugin_BSPSceneManager.so
17:40:34: Uninstalling plugin: ParticleFX
17:40:34: Plugin successfully uninstalled
17:40:34: Unloading library /usr/lib/x86_64-linux-gnu/OGRE-1.8.0/Plugin_ParticleFX.so
17:40:34: Uninstalling plugin: GL RenderSystem
